<?xml version="1.0" encoding="UTF-8"?>
<!-- Generated by org.testng.reporters.JUnitReportReporter -->
<testsuite hostname="DESKTOP-19C55OA" failures="0" tests="1" name="com.trello.admin.Test1" time="0.019" errors="0" timestamp="2024-06-13T23:14:23 IST" skipped="0">
  <testcase classname="com.trello.admin.Test1" name="f" time="0.019"/>
  <system-out/>
</testsuite> <!-- com.trello.admin.Test1 -->
